<?xml version="1.0" encoding="UTF-8"?>
<!-- Generated by org.testng.reporters.JUnitReportReporter -->
<testsuite hostname="L10-5CG91816Z4" failures="0" tests="2" name="myTestNG_Practice.TestNGBasics" time="10.610" errors="0" timestamp="2022-11-30T12:24:39 EST" skipped="0">
  <testcase classname="myTestNG_Practice.TestNGBasics" name="verifyPageTitleTest" time="5.256"/>
  <system-out/>
  <testcase classname="myTestNG_Practice.TestNGBasics" name="verifyFreeCRMLLogoTest" time="5.354"/>
  <system-out/>
</testsuite> <!-- myTestNG_Practice.TestNGBasics -->
